2013-06-05 22:57:49 +0300: Archive 'julia.tymo_creational.patterns.7z' have successfully processed
2013-06-05 22:57:51 +0300: Archive 'julia.tymo_iterators.in.ruby.zip' have successfully processed
2013-06-05 22:57:52 +0300: Archive 'roman.horobets_iterators.in.ruby.zip' have successfully processed
2013-06-05 22:57:54 +0300: Archive 'pavlo.petryk_creational.patterns.zip' have successfully processed
2013-06-05 22:57:55 +0300: Archive 'roman.horobets_creational.patterns.7z' have successfully processed
2013-06-05 22:57:56 +0300: Archive 'pavlo.petryk_final.tasks.7z' have successfully processed
2013-06-05 22:57:58 +0300: Archive 'roman.horobets_final.tasks.zip' have successfully processed
2013-06-05 23:01:12 +0300: Archive 'roman.horobets_iterators.in.ruby.zip' have successfully processed
2013-06-05 23:02:29 +0300: Archive 'roman.horobets_iterators.in.ruby.zip' have successfully processed
2013-06-05 23:08:11 +0300: Archive 'roman.horobets_iterators.in.ruby.zip' have successfully processed
2013-06-05 23:09:27 +0300: Archive 'roman.horobets_iterators.in.ruby.zip' have successfully processed
2013-06-05 23:11:47 +0300: Archive 'julia.tymo_creational.patterns.7z' have failsed. Something went wrong
2013-06-05 23:11:49 +0300: Archive 'julia.tymo_iterators.in.ruby.zip' have failsed. Something went wrong
2013-06-05 23:11:51 +0300: Archive 'roman.horobets_iterators.in.ruby.zip' have failsed. Something went wrong
2013-06-05 23:11:52 +0300: Archive 'pavlo.petryk_creational.patterns.zip' have failsed. Something went wrong
2013-06-05 23:11:53 +0300: Archive 'roman.horobets_creational.patterns.7z' have failsed. Something went wrong
2013-06-05 23:11:55 +0300: Archive 'pavlo.petryk_final.tasks.7z' have failsed. Something went wrong
2013-06-05 23:11:57 +0300: Archive 'roman.horobets_final.tasks.zip' have failsed. Something went wrong
2013-06-05 23:24:02 +0300: Archive 'julia.tymo_creational.patterns.7z' have successfully processed
2013-06-05 23:24:04 +0300: Archive 'julia.tymo_iterators.in.ruby.zip' have successfully processed
2013-06-05 23:24:05 +0300: Archive 'pavlo.petryk_creational.patterns.zip' have successfully processed
2013-06-05 23:24:06 +0300: Archive 'roman.horobets_creational.patterns.7z' have successfully processed
2013-06-05 23:24:08 +0300: Archive 'pavlo.petryk_final.tasks.7z' have successfully processed
2013-06-05 23:24:10 +0300: Archive 'roman.horobets_final.tasks.zip' have successfully processed
2013-06-05 23:25:47 +0300: Archive 'julia.tymo_creational.patterns.7z' have successfully processed
2013-06-05 23:25:48 +0300: Archive 'julia.tymo_iterators.in.ruby.zip' have successfully processed
2013-06-05 23:25:50 +0300: Archive 'roman.horobets_iterators.in.ruby.zip' have successfully processed
2013-06-05 23:25:51 +0300: Archive 'pavlo.petryk_creational.patterns.zip' have successfully processed
2013-06-05 23:25:52 +0300: Archive 'roman.horobets_creational.patterns.7z' have successfully processed
2013-06-05 23:25:54 +0300: Archive 'pavlo.petryk_final.tasks.7z' have successfully processed
2013-06-05 23:25:56 +0300: Archive 'roman.horobets_final.tasks.zip' have successfully processed
