2013-06-08 17:10:09 +0300: Archive 'julia.tymo_creational.patterns.7z' have successfully processed
2013-06-08 17:10:10 +0300: Archive 'julia.tymo_iterators.in.ruby.zip' have successfully processed
2013-06-08 17:10:11 +0300: Archive 'roman.horobets_iterators.in.ruby.zip' have successfully processed
2013-06-08 17:10:13 +0300: Archive 'pavlo.petryk_creational.patterns.zip' have successfully processed
2013-06-08 17:10:14 +0300: Archive 'roman.horobets_creational.patterns.7z' have successfully processed
2013-06-08 17:10:15 +0300: Archive 'pavlo.petryk_final.tasks.7z' have successfully processed
2013-06-08 17:10:17 +0300: Archive 'roman.horobets_final.tasks.zip' have successfully processed
2013-06-08 17:42:41 +0300: Archive 'julia.tymo_creational.patterns.7z' have successfully processed
2013-06-08 17:42:43 +0300: Archive 'julia.tymo_iterators.in.ruby.zip' have successfully processed
2013-06-08 17:42:44 +0300: Archive 'roman.horobets_iterators.in.ruby.zip' have successfully processed
2013-06-08 17:42:46 +0300: Archive 'pavlo.petryk_creational.patterns.zip' have successfully processed
2013-06-08 17:42:47 +0300: Archive 'roman.horobets_creational.patterns.7z' have successfully processed
2013-06-08 17:42:48 +0300: Archive 'pavlo.petryk_final.tasks.7z' have successfully processed
2013-06-08 17:42:50 +0300: Archive 'roman.horobets_final.tasks.zip' have successfully processed
2013-06-08 17:46:37 +0300: Archive 'julia.tymo_creational.patterns.7z' have successfully processed
2013-06-08 17:46:38 +0300: Archive 'julia.tymo_iterators.in.ruby.zip' have successfully processed
2013-06-08 17:46:40 +0300: Archive 'roman.horobets_iterators.in.ruby.zip' have successfully processed
2013-06-08 17:46:41 +0300: Archive 'pavlo.petryk_creational.patterns.zip' have successfully processed
2013-06-08 17:46:42 +0300: Archive 'roman.horobets_creational.patterns.7z' have successfully processed
2013-06-08 17:46:43 +0300: Archive 'pavlo.petryk_final.tasks.7z' have successfully processed
2013-06-08 17:46:45 +0300: Archive 'roman.horobets_final.tasks.zip' have successfully processed
2013-06-08 18:34:48 +0300: Archive 'julia.tymo_creational.patterns.7z' have successfully processed
2013-06-08 18:34:49 +0300: Archive 'julia.tymo_iterators.in.ruby.zip' have successfully processed
2013-06-08 18:34:51 +0300: Archive 'roman.horobets_iterators.in.ruby.zip' have successfully processed
2013-06-08 18:34:52 +0300: Archive 'pavlo.petryk_creational.patterns.zip' have successfully processed
2013-06-08 18:34:53 +0300: Archive 'roman.horobets_creational.patterns.7z' have successfully processed
2013-06-08 18:34:54 +0300: Archive 'pavlo.petryk_final.tasks.7z' have successfully processed
2013-06-08 18:34:56 +0300: Archive 'roman.horobets_final.tasks.zip' have successfully processed
2013-06-08 18:40:53 +0300: Archive 'julia.tymo_creational.patterns.7z' have successfully processed
2013-06-08 18:40:55 +0300: Archive 'julia.tymo_iterators.in.ruby.zip' have successfully processed
2013-06-08 18:40:56 +0300: Archive 'roman.horobets_iterators.in.ruby.zip' have successfully processed
2013-06-08 18:40:58 +0300: Archive 'pavlo.petryk_creational.patterns.zip' have successfully processed
2013-06-08 18:40:58 +0300: Archive 'roman.horobets_creational.patterns.7z' have successfully processed
2013-06-08 18:41:00 +0300: Archive 'pavlo.petryk_final.tasks.7z' have successfully processed
2013-06-08 18:41:02 +0300: Archive 'roman.horobets_final.tasks.zip' have successfully processed
2013-06-08 18:48:04 +0300: Archive 'pavlo.petryk_creational.patterns.rb.zip' have successfully processed
2013-06-08 18:48:05 +0300: Archive 'julia.tymo_iterators.in.ruby.zip' have successfully processed
2013-06-08 18:48:07 +0300: Archive 'roman.horobets_iterators.in.ruby.zip' have successfully processed
2013-06-08 18:48:08 +0300: Archive 'julia.tymo_creational.patterns.rb.7z' have successfully processed
2013-06-08 18:48:10 +0300: Archive 'pavlo.petryk_final.tasks.7z' have successfully processed
2013-06-08 18:48:10 +0300: Archive 'roman.horobets_creational.patterns.py.7z' have successfully processed
2013-06-08 18:48:12 +0300: Archive 'roman.horobets_final.tasks.zip' have successfully processed
2013-06-08 19:07:44 +0300: Archive 'julia.tymo_creational.patterns.7z' have successfully processed
2013-06-08 19:07:46 +0300: Archive 'julia.tymo_iterators.in.ruby.zip' have successfully processed
2013-06-08 19:07:47 +0300: Archive 'roman.horobets_iterators.in.ruby.zip' have successfully processed
2013-06-08 19:07:49 +0300: Archive 'pavlo.petryk_creational.patterns.zip' have successfully processed
2013-06-08 19:07:50 +0300: Archive 'roman.horobets_creational.patterns.7z' have successfully processed
2013-06-08 19:07:51 +0300: Archive 'pavlo.petryk_final.tasks.7z' have successfully processed
2013-06-08 19:07:53 +0300: Archive 'roman.horobets_final.tasks.zip' have successfully processed
2013-06-08 19:11:55 +0300: Archive 'julia.tymo_creational.patterns.7z' have successfully processed
2013-06-08 19:11:56 +0300: Archive 'julia.tymo_iterators.in.ruby.zip' have successfully processed
2013-06-08 19:11:58 +0300: Archive 'roman.horobets_iterators.in.ruby.zip' have successfully processed
2013-06-08 19:11:59 +0300: Archive 'pavlo.petryk_creational.patterns.zip' have successfully processed
2013-06-08 19:12:00 +0300: Archive 'roman.horobets_creational.patterns.7z' have successfully processed
2013-06-08 19:12:01 +0300: Archive 'pavlo.petryk_final.tasks.7z' have successfully processed
2013-06-08 19:12:03 +0300: Archive 'roman.horobets_final.tasks.zip' have successfully processed
2013-06-08 19:13:25 +0300: Archive 'julia.tymo_creational.patterns.7z' have successfully processed
2013-06-08 19:13:26 +0300: Archive 'julia.tymo_iterators.in.ruby.zip' have successfully processed
2013-06-08 19:13:28 +0300: Archive 'roman.horobets_iterators.in.ruby.zip' have successfully processed
2013-06-08 19:17:38 +0300: Archive 'julia.tymo_creational.patterns.7z' have successfully processed
2013-06-08 19:17:39 +0300: Archive 'julia.tymo_iterators.in.ruby.zip' have successfully processed
2013-06-08 19:17:40 +0300: Archive 'roman.horobets_iterators.in.ruby.zip' have successfully processed
2013-06-08 19:17:41 +0300: Archive 'roman.horobets_behavior.patterns.7z' have successfully processed
2013-06-08 19:17:43 +0300: Archive 'pavlo.petryk_creational.patterns.zip' have successfully processed
2013-06-08 19:17:44 +0300: Archive 'pavlo.petryk_final.tasks.7z' have successfully processed
2013-06-08 19:17:46 +0300: Archive 'roman.horobets_final.tasks.zip' have successfully processed
2013-06-08 22:34:14 +0300: Archive 'julia.tymo_creational.patterns.7z' have successfully processed
2013-06-08 22:34:16 +0300: Archive 'julia.tymo_iterators.in.ruby.zip' have successfully processed
2013-06-08 22:34:17 +0300: Archive 'roman.horobets_iterators.in.ruby.zip' have successfully processed
2013-06-08 22:34:19 +0300: Archive 'pavlo.petryk_creational.patterns.zip' have successfully processed
2013-06-08 22:34:20 +0300: Archive 'pavlo.petryk_final.tasks.7z' have successfully processed
2013-06-08 22:34:22 +0300: Archive 'roman.horobets_final.tasks.zip' have successfully processed
2013-06-08 22:34:23 +0300: Archive 'julia.tymo_creational.patterns.7z' have successfully processed
2013-06-08 22:34:25 +0300: Archive 'julia.tymo_iterators.in.ruby.zip' have successfully processed
2013-06-08 22:34:26 +0300: Archive 'roman.horobets_iterators.in.ruby.zip' have successfully processed
2013-06-08 22:34:28 +0300: Archive 'pavlo.petryk_creational.patterns.zip' have successfully processed
2013-06-08 22:34:29 +0300: Archive 'roman.horobets_creational.patterns.7z' have successfully processed
2013-06-08 22:34:30 +0300: Archive 'pavlo.petryk_final.tasks.7z' have successfully processed
2013-06-08 22:34:32 +0300: Archive 'roman.horobets_final.tasks.zip' have successfully processed
2013-06-08 22:51:24 +0300: Archive 'julia.tymo_creational.patterns.7z' have successfully processed
2013-06-08 22:51:26 +0300: Archive 'julia.tymo_iterators.in.ruby.zip' have successfully processed
2013-06-08 22:51:27 +0300: Archive 'roman.horobets_iterators.in.ruby.zip' have successfully processed
2013-06-08 22:51:29 +0300: Archive 'pavlo.petryk_creational.patterns.zip' have successfully processed
2013-06-08 22:51:29 +0300: Archive 'roman.horobets_creational.patterns.7z' have successfully processed
2013-06-08 22:51:31 +0300: Archive 'pavlo.petryk_final.tasks.7z' have successfully processed
2013-06-08 22:51:33 +0300: Archive 'roman.horobets_final.tasks.zip' have successfully processed
2013-06-08 23:12:54 +0300: Directory /home/ppetr/repos/hw_checker/auth/app/receive does not exist
2013-06-08 23:30:05 +0300: Directory /home/ppetr/repos/hw_checker/auth/app/receive does not exist
2013-06-09 11:30:15 +0300: Directory /home/ppetr/repos/hw_checker/auth/app/receive does not exist
2013-06-09 13:53:42 +0300: Archive 'julia.tymo_iterators.in.ruby.zip' have successfully processed
2013-06-09 13:53:44 +0300: Archive 'roman.horobets_iterators.in.ruby.zip' have successfully processed
2013-06-09 13:53:45 +0300: Archive 'pavlo.petryk_creational.patterns.zip' have successfully processed
2013-06-09 13:53:46 +0300: Archive 'roman.horobets_creational.patterns.7z' have successfully processed
2013-06-09 13:53:47 +0300: Archive 'pavlo.petryk_final.tasks.7z' have successfully processed
2013-06-09 13:53:49 +0300: Archive 'roman.horobets_final.tasks.zip' have successfully processed
2013-06-09 13:56:06 +0300: Archive 'julia.tymo_iterators.in.ruby.zip' have successfully processed
2013-06-09 13:56:07 +0300: Archive 'roman.horobets_iterators.in.ruby.zip' have successfully processed
2013-06-09 13:56:09 +0300: Archive 'pavlo.petryk_creational.patterns.zip' have successfully processed
2013-06-09 13:56:10 +0300: Archive 'roman.horobets_creational.patterns.7z' have successfully processed
2013-06-09 13:56:11 +0300: Archive 'pavlo.petryk_final.tasks.7z' have successfully processed
2013-06-09 13:56:13 +0300: Archive 'roman.horobets_final.tasks.zip' have successfully processed
2013-06-09 14:09:47 +0300: Archive 'julia.tymo_creational.patterns.7z' have successfully processed
2013-06-09 14:09:49 +0300: Archive 'julia.tymo_iterators.in.ruby.zip' have successfully processed
2013-06-09 14:09:50 +0300: Archive 'roman.horobets_iterators.in.ruby.zip' have successfully processed
2013-06-09 14:09:52 +0300: Archive 'pavlo.petryk_creational.patterns.zip' have successfully processed
2013-06-09 14:09:52 +0300: Archive 'roman.horobets_creational.patterns.7z' have successfully processed
2013-06-09 14:09:54 +0300: Archive 'pavlo.petryk_final.tasks.7z' have successfully processed
2013-06-09 14:09:56 +0300: Archive 'roman.horobets_final.tasks.zip' have successfully processed
2013-06-09 14:19:58 +0300: Directory /home/ppetr/repos/hw_checker/auth/app/receive does not exist
